11:13:36    89 proof | SvcMsg in <TProofPlayerLite::NotifyMemory>: Memory 490684 virtual 340668 resident after merging object MissingFiles
11:13:36    89 proof | SvcMsg in <TProofPlayerLite::NotifyMemory>: Memory 491564 virtual 341632 resident after merging object PROOF_Status
11:13:36    89 proof | SvcMsg in <TProofPlayerLite::NotifyMemory>: Memory 491696 virtual 341904 resident after merging object hist_mLL1
11:13:36    89 proof | SvcMsg in <TProofPlayerLite::NotifyMemory>: Memory 491696 virtual 341904 resident after merging object hist_mLL2
11:13:36    89 proof | SvcMsg in <TProofPlayerLite::NotifyMemory>: Memory 491696 virtual 341904 resident after merging object hist_fourlepsys_pt
11:13:36    89 proof | SvcMsg in <TProofPlayerLite::NotifyMemory>: Memory 491696 virtual 341904 resident after merging object hist_fourlepsys_y
11:13:36    89 proof | SvcMsg in <TProofPlayerLite::NotifyMemory>: Memory 491696 virtual 341904 resident after merging object mass_four_lep
11:13:36    89 proof | SvcMsg in <TProofPlayerLite::NotifyMemory>: Memory 491696 virtual 341904 resident after merging object mass_ext_four_lep
11:13:36    89 proof | SvcMsg in <TProofPlayerLite::NotifyMemory>: Memory 491696 virtual 341904 resident after merging object hist_n_jets
11:13:36    89 proof | SvcMsg in <TProofPlayerLite::NotifyMemory>: Memory 491696 virtual 341904 resident after merging object hist_fourleptpt
11:13:36    89 proof | SvcMsg in <TProofPlayerLite::NotifyMemory>: Memory 491696 virtual 341904 resident after merging object hist_fourlepteta
11:13:36    89 proof | SvcMsg in <TProofPlayerLite::NotifyMemory>: Memory 491696 virtual 341904 resident after merging object hist_fourleptE
11:13:36    89 proof | SvcMsg in <TProofPlayerLite::NotifyMemory>: Memory 491696 virtual 341904 resident after merging object hist_fourleptphi
11:13:36    89 proof | SvcMsg in <TProofPlayerLite::NotifyMemory>: Memory 491696 virtual 341904 resident after merging object hist_fourleptch
11:13:36    89 proof | SvcMsg in <TProofPlayerLite::NotifyMemory>: Memory 491696 virtual 341904 resident after merging object hist_fourleptID
11:13:36    89 proof | SvcMsg in <TProofPlayerLite::NotifyMemory>: Memory 491696 virtual 341904 resident after merging object hist_fourlept_ptc
11:13:36    89 proof | SvcMsg in <TProofPlayerLite::NotifyMemory>: Memory 491696 virtual 341904 resident after merging object hist_fourleptetc
11:13:36    89 proof | SvcMsg in <TProofPlayerLite::NotifyMemory>: Memory 491696 virtual 341904 resident after merging object hist_fourlepz0
11:13:36    89 proof | SvcMsg in <TProofPlayerLite::NotifyMemory>: Memory 491696 virtual 341904 resident after merging object hist_fourlepd0
11:13:36    89 proof | SvcMsg in <TProofPlayerLite::NotifyMemory>: Memory 491696 virtual 341904 resident after merging object PROOF_TOutputListSelectorDataMap_object
11:13:36    89 proof | SvcMsg in <TProofPlayerLite::NotifyMemory>: Memory 491696 virtual 341904 resident after merging object PROOF_SelectorStatus
11:13:37    89 proof | SvcMsg in <TProofPlayerLite::NotifyMemory>: Memory 491860 virtual 342216 resident after merging object PROOF_Status
11:13:37    89 proof | SvcMsg in <TProofPlayerLite::NotifyMemory>: Memory 491860 virtual 342216 resident after merging object hist_mLL1
11:13:37    89 proof | SvcMsg in <TProofPlayerLite::NotifyMemory>: Memory 491860 virtual 342216 resident after merging object hist_mLL2
11:13:37    89 proof | SvcMsg in <TProofPlayerLite::NotifyMemory>: Memory 491860 virtual 342216 resident after merging object hist_fourlepsys_pt
11:13:37    89 proof | SvcMsg in <TProofPlayerLite::NotifyMemory>: Memory 491860 virtual 342216 resident after merging object hist_fourlepsys_y
11:13:37    89 proof | SvcMsg in <TProofPlayerLite::NotifyMemory>: Memory 491860 virtual 342216 resident after merging object mass_four_lep
11:13:37    89 proof | SvcMsg in <TProofPlayerLite::NotifyMemory>: Memory 491860 virtual 342216 resident after merging object mass_ext_four_lep
11:13:37    89 proof | SvcMsg in <TProofPlayerLite::NotifyMemory>: Memory 491860 virtual 342216 resident after merging object hist_n_jets
11:13:37    89 proof | SvcMsg in <TProofPlayerLite::NotifyMemory>: Memory 491860 virtual 342216 resident after merging object hist_fourleptpt
11:13:37    89 proof | SvcMsg in <TProofPlayerLite::NotifyMemory>: Memory 491860 virtual 342216 resident after merging object hist_fourlepteta
11:13:37    89 proof | SvcMsg in <TProofPlayerLite::NotifyMemory>: Memory 491860 virtual 342216 resident after merging object hist_fourleptE
11:13:37    89 proof | SvcMsg in <TProofPlayerLite::NotifyMemory>: Memory 491860 virtual 342216 resident after merging object hist_fourleptphi
11:13:37    89 proof | SvcMsg in <TProofPlayerLite::NotifyMemory>: Memory 491860 virtual 342216 resident after merging object hist_fourleptch
11:13:37    89 proof | SvcMsg in <TProofPlayerLite::NotifyMemory>: Memory 491860 virtual 342216 resident after merging object hist_fourleptID
11:13:37    89 proof | SvcMsg in <TProofPlayerLite::NotifyMemory>: Memory 491860 virtual 342216 resident after merging object hist_fourlept_ptc
11:13:37    89 proof | SvcMsg in <TProofPlayerLite::NotifyMemory>: Memory 491860 virtual 342216 resident after merging object hist_fourleptetc
11:13:37    89 proof | SvcMsg in <TProofPlayerLite::NotifyMemory>: Memory 491860 virtual 342216 resident after merging object hist_fourlepz0
11:13:37    89 proof | SvcMsg in <TProofPlayerLite::NotifyMemory>: Memory 491860 virtual 342216 resident after merging object hist_fourlepd0
11:13:37    89 proof | SvcMsg in <TProofPlayerLite::NotifyMemory>: Memory 491860 virtual 342216 resident after merging object PROOF_TOutputListSelectorDataMap_object
11:13:37    89 proof | SvcMsg in <TProofPlayerLite::NotifyMemory>: Memory 492000 virtual 342216 resident after merging object PROOF_SelectorStatus
11:13:40    89 proof | SvcMsg in <TProofPlayerLite::NotifyMemory>: Memory 492284 virtual 342780 resident after merging object MissingFiles
11:13:40    89 proof | SvcMsg in <TProofPlayerLite::NotifyMemory>: Memory 492284 virtual 342780 resident after merging object PROOF_Status
11:13:40    89 proof | SvcMsg in <TProofPlayerLite::NotifyMemory>: Memory 492284 virtual 342780 resident after merging object hist_mLL1
11:13:40    89 proof | SvcMsg in <TProofPlayerLite::NotifyMemory>: Memory 492284 virtual 342780 resident after merging object hist_mLL2
11:13:40    89 proof | SvcMsg in <TProofPlayerLite::NotifyMemory>: Memory 492284 virtual 342780 resident after merging object hist_fourlepsys_pt
11:13:40    89 proof | SvcMsg in <TProofPlayerLite::NotifyMemory>: Memory 492284 virtual 342780 resident after merging object hist_fourlepsys_y
11:13:40    89 proof | SvcMsg in <TProofPlayerLite::NotifyMemory>: Memory 492284 virtual 342780 resident after merging object mass_four_lep
11:13:40    89 proof | SvcMsg in <TProofPlayerLite::NotifyMemory>: Memory 492284 virtual 342780 resident after merging object mass_ext_four_lep
11:13:40    89 proof | SvcMsg in <TProofPlayerLite::NotifyMemory>: Memory 492284 virtual 342780 resident after merging object hist_n_jets
11:13:40    89 proof | SvcMsg in <TProofPlayerLite::NotifyMemory>: Memory 492284 virtual 342780 resident after merging object hist_fourleptpt
11:13:40    89 proof | SvcMsg in <TProofPlayerLite::NotifyMemory>: Memory 492284 virtual 342780 resident after merging object hist_fourlepteta
11:13:40    89 proof | SvcMsg in <TProofPlayerLite::NotifyMemory>: Memory 492284 virtual 342780 resident after merging object hist_fourleptE
11:13:40    89 proof | SvcMsg in <TProofPlayerLite::NotifyMemory>: Memory 492284 virtual 342780 resident after merging object hist_fourleptphi
11:13:40    89 proof | SvcMsg in <TProofPlayerLite::NotifyMemory>: Memory 492284 virtual 342780 resident after merging object hist_fourleptch
11:13:40    89 proof | SvcMsg in <TProofPlayerLite::NotifyMemory>: Memory 492284 virtual 342780 resident after merging object hist_fourleptID
11:13:40    89 proof | SvcMsg in <TProofPlayerLite::NotifyMemory>: Memory 492284 virtual 342780 resident after merging object hist_fourlept_ptc
11:13:40    89 proof | SvcMsg in <TProofPlayerLite::NotifyMemory>: Memory 492284 virtual 342780 resident after merging object hist_fourleptetc
11:13:40    89 proof | SvcMsg in <TProofPlayerLite::NotifyMemory>: Memory 492284 virtual 342780 resident after merging object hist_fourlepz0
11:13:40    89 proof | SvcMsg in <TProofPlayerLite::NotifyMemory>: Memory 492284 virtual 342780 resident after merging object hist_fourlepd0
11:13:40    89 proof | SvcMsg in <TProofPlayerLite::NotifyMemory>: Memory 492284 virtual 342780 resident after merging object PROOF_TOutputListSelectorDataMap_object
11:13:40    89 proof | SvcMsg in <TProofPlayerLite::NotifyMemory>: Memory 492284 virtual 342780 resident after merging object PROOF_SelectorStatus
11:13:40    89 proof | SvcMsg in <TProofPlayerLite::NotifyMemory>: Memory 492284 virtual 342780 resident after merging object PROOF_Status
11:13:40    89 proof | SvcMsg in <TProofPlayerLite::NotifyMemory>: Memory 492284 virtual 342780 resident after merging object hist_mLL1
11:13:40    89 proof | SvcMsg in <TProofPlayerLite::NotifyMemory>: Memory 492284 virtual 342780 resident after merging object hist_mLL2
11:13:40    89 proof | SvcMsg in <TProofPlayerLite::NotifyMemory>: Memory 492284 virtual 342780 resident after merging object hist_fourlepsys_pt
11:13:40    89 proof | SvcMsg in <TProofPlayerLite::NotifyMemory>: Memory 492284 virtual 342780 resident after merging object hist_fourlepsys_y
11:13:40    89 proof | SvcMsg in <TProofPlayerLite::NotifyMemory>: Memory 492284 virtual 342780 resident after merging object mass_four_lep
11:13:40    89 proof | SvcMsg in <TProofPlayerLite::NotifyMemory>: Memory 492284 virtual 342780 resident after merging object mass_ext_four_lep
11:13:40    89 proof | SvcMsg in <TProofPlayerLite::NotifyMemory>: Memory 492284 virtual 342780 resident after merging object hist_n_jets
11:13:40    89 proof | SvcMsg in <TProofPlayerLite::NotifyMemory>: Memory 492284 virtual 342780 resident after merging object hist_fourleptpt
11:13:40    89 proof | SvcMsg in <TProofPlayerLite::NotifyMemory>: Memory 492284 virtual 342780 resident after merging object hist_fourlepteta
11:13:40    89 proof | SvcMsg in <TProofPlayerLite::NotifyMemory>: Memory 492284 virtual 342780 resident after merging object hist_fourleptE
11:13:40    89 proof | SvcMsg in <TProofPlayerLite::NotifyMemory>: Memory 492284 virtual 342780 resident after merging object hist_fourleptphi
11:13:40    89 proof | SvcMsg in <TProofPlayerLite::NotifyMemory>: Memory 492284 virtual 342780 resident after merging object hist_fourleptch
11:13:40    89 proof | SvcMsg in <TProofPlayerLite::NotifyMemory>: Memory 492284 virtual 342780 resident after merging object hist_fourleptID
11:13:40    89 proof | SvcMsg in <TProofPlayerLite::NotifyMemory>: Memory 492284 virtual 342780 resident after merging object hist_fourlept_ptc
11:13:40    89 proof | SvcMsg in <TProofPlayerLite::NotifyMemory>: Memory 492284 virtual 342780 resident after merging object hist_fourleptetc
11:13:40    89 proof | SvcMsg in <TProofPlayerLite::NotifyMemory>: Memory 492284 virtual 342780 resident after merging object hist_fourlepz0
11:13:40    89 proof | SvcMsg in <TProofPlayerLite::NotifyMemory>: Memory 492284 virtual 342780 resident after merging object hist_fourlepd0
11:13:40    89 proof | SvcMsg in <TProofPlayerLite::NotifyMemory>: Memory 492284 virtual 342780 resident after merging object PROOF_TOutputListSelectorDataMap_object
11:13:40    89 proof | SvcMsg in <TProofPlayerLite::NotifyMemory>: Memory 492284 virtual 342780 resident after merging object PROOF_SelectorStatus
